  [1m[35m (0.2ms)[0m  [1m[34mSELECT sqlite_version(*)[0m
  ↳ bin/rails:9
  [1m[35m (121.2ms)[0m  [1m[35mCREATE TABLE "schema_migrations" ("version" varchar NOT NULL PRIMARY KEY)[0m
  ↳ bin/rails:9
  [1m[35m (79.6ms)[0m  [1m[35mCREATE TABLE "ar_internal_metadata" ("key" varchar NOT NULL PRIMARY KEY, "value" varchar, "created_at" datetime NOT NULL, "updated_at" datetime NOT NULL)[0m
  ↳ bin/rails:9
  [1m[35m (0.5ms)[0m  [1m[34mSELECT "schema_migrations"."version" FROM "schema_migrations" ORDER BY "schema_migrations"."version" ASC[0m
  ↳ bin/rails:9
Migrating to CreateCars (20190811012506)
  [1m[35m (0.1ms)[0m  [1m[36mbegin transaction[0m
  ↳ bin/rails:9
  [1m[35m (0.6ms)[0m  [1m[35mCREATE TABLE "cars" ("id" integer PRIMARY KEY AUTOINCREMENT NOT NULL, "make" varchar, "model" varchar, "year" integer, "created_at" datetime NOT NULL, "updated_at" datetime NOT NULL)[0m
  ↳ db/migrate/20190811012506_create_cars.rb:3
  [1m[36mActiveRecord::SchemaMigration Create (0.2ms)[0m  [1m[32mINSERT INTO "schema_migrations" ("version") VALUES (?)[0m  [["version", "20190811012506"]]
  ↳ bin/rails:9
  [1m[35m (81.5ms)[0m  [1m[36mcommit transaction[0m
  ↳ bin/rails:9
  [1m[36mActiveRecord::InternalMetadata Load (0.7ms)[0m  [1m[34mSELECT  "ar_internal_metadata".* FROM "ar_internal_metadata" WHERE "ar_internal_metadata"."key" = ? LIMIT ?[0m  [["key", "environment"], ["LIMIT", 1]]
  ↳ bin/rails:9
  [1m[35m (0.1ms)[0m  [1m[36mbegin transaction[0m
  ↳ bin/rails:9
  [1m[36mActiveRecord::InternalMetadata Create (0.6ms)[0m  [1m[32mINSERT INTO "ar_internal_metadata" ("key", "value", "created_at", "updated_at") VALUES (?, ?, ?, ?)[0m  [["key", "environment"], ["value", "development"], ["created_at", "2019-08-11 01:27:54.650930"], ["updated_at", "2019-08-11 01:27:54.650930"]]
  ↳ bin/rails:9
  [1m[35m (57.6ms)[0m  [1m[36mcommit transaction[0m
  ↳ bin/rails:9
  [1m[35m (0.3ms)[0m  [1m[34mSELECT "schema_migrations"."version" FROM "schema_migrations" ORDER BY "schema_migrations"."version" ASC[0m
  ↳ bin/rails:9
Started GET "/" for 127.0.0.1 at 2019-08-11 01:29:30 +0000
  [1m[35m (0.1ms)[0m  [1m[34mSELECT "schema_migrations"."version" FROM "schema_migrations" ORDER BY "schema_migrations"."version" ASC[0m
  ↳ /home/yusif/.rbenv/versions/2.6.3/lib/ruby/gems/2.6.0/gems/activerecord-5.2.3/lib/active_record/log_subscriber.rb:98
Processing by Rails::WelcomeController#index as HTML
  Rendering /home/yusif/.rbenv/versions/2.6.3/lib/ruby/gems/2.6.0/gems/railties-5.2.3/lib/rails/templates/rails/welcome/index.html.erb
  Rendered /home/yusif/.rbenv/versions/2.6.3/lib/ruby/gems/2.6.0/gems/railties-5.2.3/lib/rails/templates/rails/welcome/index.html.erb (10.4ms)
Completed 200 OK in 114ms (Views: 76.3ms | ActiveRecord: 0.0ms)


Started GET "/cars" for 127.0.0.1 at 2019-08-11 01:30:56 +0000
Processing by CarsController#index as HTML
  Rendering cars/index.html.erb within layouts/application
  [1m[36mCar Load (0.2ms)[0m  [1m[34mSELECT "cars".* FROM "cars"[0m
  ↳ app/views/cars/index.html.erb:16
  Rendered cars/index.html.erb within layouts/application (2.1ms)
Completed 200 OK in 2915ms (Views: 2910.8ms | ActiveRecord: 0.4ms)


Started GET "/cars/new" for 127.0.0.1 at 2019-08-11 01:31:02 +0000
Processing by CarsController#new as HTML
  Rendering cars/new.html.erb within layouts/application
  Rendered cars/_form.html.erb (257.1ms)
  Rendered cars/new.html.erb within layouts/application (258.9ms)
Completed 200 OK in 296ms (Views: 276.2ms | ActiveRecord: 1.3ms)


Started POST "/cars" for 127.0.0.1 at 2019-08-11 01:31:20 +0000
Processing by CarsController#create as HTML
  Parameters: {"utf8"=>"✓", "authenticity_token"=>"bkSZEUWfBiQhFDOHQzGl9blLi+1ITgu+o0rKSJ/AnrVxFjWeZolUn4hUvi+PWBl1cwJhNK3NYayn8eF7HGtdRQ==", "car"=>{"make"=>"v boot", "model"=>"benz", "year"=>"1998"}, "commit"=>"Create Car"}
  [1m[35m (0.1ms)[0m  [1m[36mbegin transaction[0m
  ↳ app/controllers/cars_controller.rb:30
  [1m[36mCar Create (0.7ms)[0m  [1m[32mINSERT INTO "cars" ("make", "model", "year", "created_at", "updated_at") VALUES (?, ?, ?, ?, ?)[0m  [["make", "v boot"], ["model", "benz"], ["year", 1998], ["created_at", "2019-08-11 01:31:20.476837"], ["updated_at", "2019-08-11 01:31:20.476837"]]
  ↳ app/controllers/cars_controller.rb:30
  [1m[35m (183.7ms)[0m  [1m[36mcommit transaction[0m
  ↳ app/controllers/cars_controller.rb:30
Redirected to http://localhost:3000/cars/1
Completed 302 Found in 199ms (ActiveRecord: 184.4ms)


Started GET "/cars/1" for 127.0.0.1 at 2019-08-11 01:31:20 +0000
Processing by CarsController#show as HTML
  Parameters: {"id"=>"1"}
  [1m[36mCar Load (0.9ms)[0m  [1m[34mSELECT  "cars".* FROM "cars" WHERE "cars"."id" = ? LIMIT ?[0m  [["id", 1], ["LIMIT", 1]]
  ↳ app/controllers/cars_controller.rb:67
  Rendering cars/show.html.erb within layouts/application
  Rendered cars/show.html.erb within layouts/application (4.3ms)
Completed 200 OK in 86ms (Views: 49.7ms | ActiveRecord: 0.9ms)


Started GET "/cars/1/edit" for 127.0.0.1 at 2019-08-11 01:31:25 +0000
Processing by CarsController#edit as HTML
  Parameters: {"id"=>"1"}
  [1m[36mCar Load (0.3ms)[0m  [1m[34mSELECT  "cars".* FROM "cars" WHERE "cars"."id" = ? LIMIT ?[0m  [["id", 1], ["LIMIT", 1]]
  ↳ app/controllers/cars_controller.rb:67
  Rendering cars/edit.html.erb within layouts/application
  Rendered cars/_form.html.erb (4.0ms)
  Rendered cars/edit.html.erb within layouts/application (5.7ms)
Completed 200 OK in 34ms (Views: 30.7ms | ActiveRecord: 0.3ms)


Started GET "/cars" for 127.0.0.1 at 2019-08-11 01:31:27 +0000
Processing by CarsController#index as HTML
  Rendering cars/index.html.erb within layouts/application
  [1m[36mCar Load (0.6ms)[0m  [1m[34mSELECT "cars".* FROM "cars"[0m
  ↳ app/views/cars/index.html.erb:16
  Rendered cars/index.html.erb within layouts/application (6.3ms)
Completed 200 OK in 44ms (Views: 40.4ms | ActiveRecord: 0.6ms)


Started GET "/cars/1/edit" for 127.0.0.1 at 2019-08-11 01:31:31 +0000
Processing by CarsController#edit as HTML
  Parameters: {"id"=>"1"}
  [1m[36mCar Load (0.3ms)[0m  [1m[34mSELECT  "cars".* FROM "cars" WHERE "cars"."id" = ? LIMIT ?[0m  [["id", 1], ["LIMIT", 1]]
  ↳ app/controllers/cars_controller.rb:67
  Rendering cars/edit.html.erb within layouts/application
  Rendered cars/_form.html.erb (11.1ms)
  Rendered cars/edit.html.erb within layouts/application (15.2ms)
Completed 200 OK in 52ms (Views: 47.2ms | ActiveRecord: 0.3ms)


Started GET "/cars/1" for 127.0.0.1 at 2019-08-11 01:31:33 +0000
Processing by CarsController#show as HTML
  Parameters: {"id"=>"1"}
  [1m[36mCar Load (0.4ms)[0m  [1m[34mSELECT  "cars".* FROM "cars" WHERE "cars"."id" = ? LIMIT ?[0m  [["id", 1], ["LIMIT", 1]]
  ↳ app/controllers/cars_controller.rb:67
  Rendering cars/show.html.erb within layouts/application
  Rendered cars/show.html.erb within layouts/application (2.6ms)
Completed 200 OK in 39ms (Views: 33.8ms | ActiveRecord: 0.4ms)


